<?xml version="1.0" encoding="UTF-8"?>
<testng-results skipped="0" failed="0" total="1" passed="1">
  <reporter-output>
  </reporter-output>
  <suite name="Default suite" duration-ms="25601" started-at="2017-12-20T18:25:03Z" finished-at="2017-12-20T18:25:28Z">
    <groups>
    </groups>
    <test name="Default test" duration-ms="25601" started-at="2017-12-20T18:25:03Z" finished-at="2017-12-20T18:25:28Z">
      <class name="com.IBM.eStrategy.createAccountPage.TC002_NewAccount">
        <test-method status="PASS" signature="setUp()[pri:0, instance:com.IBM.eStrategy.createAccountPage.TC002_NewAccount@604ed9f0]" name="setUp" is-config="true" duration-ms="13823" started-at="2017-12-20T23:55:03Z" finished-at="2017-12-20T23:55:16Z">
          <reporter-output>
          </reporter-output>
        </test-method> <!-- setUp -->
        <test-method status="PASS" signature="registerNewAccount()[pri:0, instance:com.IBM.eStrategy.createAccountPage.TC002_NewAccount@604ed9f0]" name="registerNewAccount" duration-ms="10851" started-at="2017-12-20T23:55:16Z" finished-at="2017-12-20T23:55:27Z">
          <reporter-output>
          </reporter-output>
        </test-method> <!-- registerNewAccount -->
        <test-method status="PASS" signature="endTest()[pri:0, instance:com.IBM.eStrategy.createAccountPage.TC002_NewAccount@604ed9f0]" name="endTest" is-config="true" duration-ms="910" started-at="2017-12-20T23:55:27Z" finished-at="2017-12-20T23:55:28Z">
          <reporter-output>
          </reporter-output>
        </test-method> <!-- endTest -->
      </class> <!-- com.IBM.eStrategy.createAccountPage.TC002_NewAccount -->
    </test> <!-- Default test -->
  </suite> <!-- Default suite -->
</testng-results>
