<?xml version="1.0" encoding="UTF-8"?>
<testsuite xmlns:xsi="http://www.w3.org/2001/XMLSchema-instance" xsi:noNamespaceSchemaLocation="https://maven.apache.org/surefire/maven-surefire-plugin/xsd/surefire-test-report.xsd" name="TestSuite" time="14.258" tests="2" errors="0" skipped="0" failures="1">
  <properties>
[...]
</properties>
  <testcase name="TitleAssertion" classname="com.IBM.eStrategy.MyTest.TC02_Assert" time="7.511">
    <failure message="expected [facebook] but found [Facebook – log in or sign up]" type="java.lang.AssertionError">java.lang.AssertionError: expected [facebook] but found [Facebook – log in or sign up]
	at com.IBM.eStrategy.MyTest.TC02_Assert.TitleAssertion(TC02_Assert.java:28)
</failure>
    <system-out><![CDATA[actual title is Facebook – log in or sign up
]]></system-out>
    <system-err><![CDATA[Starting ChromeDriver 2.34.522940 (1a76f96f66e3ca7b8e57d503b4dd3bccfba87af1) on port 3297
Only local connections are allowed.
log4j:WARN No appenders could be found for logger (org.apache.http.client.protocol.RequestAddCookies).
log4j:WARN Please initialize the log4j system properly.
log4j:WARN See http://logging.apache.org/log4j/1.2/faq.html#noconfig for more info.
Dec 18, 2017 11:05:50 PM org.openqa.selenium.remote.ProtocolHandshake createSession
INFO: Detected dialect: OSS
]]></system-err>
  </testcase>
  <testcase name="sampleTest" classname="com.IBM.eStrategy.MyTest.TC01" time="5.442"/>
</testsuite>